This is pdfTeX, Version 3.1415926-2.5-1.40.14 (MiKTeX 2.9 64-bit) (preloaded format=pdflatex 2014.1.15)  18 FEB 2014 18:33
entering extended mode
**CI_01_HydrauliquePneumatique_Cours.tex

(C:\Enseignements\GitHub\CI_01_EtudeSystemes\12_AnalyseSystemesHydrauliquesPneu
matiques\Cours\CI_01_HydrauliquePneumatique_Cours.tex
LaTeX2e <2011/06/27>
Babel <v3.8m> and hyphenation patterns for english, afrikaans, ancientgreek, ar
abic, armenian, assamese, basque, bengali, bokmal, bulgarian, catalan, coptic, 
croatian, czech, danish, dutch, esperanto, estonian, farsi, finnish, french, ga
lician, german, german-x-2013-05-26, greek, gujarati, hindi, hungarian, iceland
ic, indonesian, interlingua, irish, italian, kannada, kurmanji, latin, latvian,
 lithuanian, malayalam, marathi, mongolian, mongolianlmc, monogreek, ngerman, n
german-x-2013-05-26, nynorsk, oriya, panjabi, pinyin, polish, portuguese, roman
ian, russian, sanskrit, serbian, slovak, slovenian, spanish, swedish, swissgerm
an, tamil, telugu, turkish, turkmen, ukenglish, ukrainian, uppersorbian, usengl
ishmax, welsh, loaded.
("C:\Program Files\MiKTeX 2.9\tex\latex\base\article.cls"
Document Class: article 2007/10/19 v1.4h Standard LaTeX document class
("C:\Program Files\MiKTeX 2.9\tex\latex\base\size10.clo"
File: size10.clo 2007/10/19 v1.4h Standard LaTeX file (size option)
)
\c@part=\count79
\c@section=\count80
\c@subsection=\count81
\c@subsubsection=\count82
\c@paragraph=\count83
\c@subparagraph=\count84
\c@figure=\count85
\c@table=\count86
\abovecaptionskip=\skip41
\belowcaptionskip=\skip42
\bibindent=\dimen102
)
(C:\Enseignements\GitHub\CI_01_EtudeSystemes\12_AnalyseSystemesHydrauliquesPneu
matiques\Cours\style/coursHeadings.tex
("C:\Program Files\MiKTeX 2.9\tex\latex\base\fontenc.sty"
Package: fontenc 2005/09/27 v1.99g Standard LaTeX package

("C:\Program Files\MiKTeX 2.9\tex\latex\base\t1enc.def"
File: t1enc.def 2005/09/27 v1.99g Standard LaTeX file
LaTeX Font Info:    Redeclaring font encoding T1 on input line 43.
))
("C:\Program Files\MiKTeX 2.9\tex\latex\base\inputenc.sty"
Package: inputenc 2008/03/30 v1.1d Input encoding file
\inpenc@prehook=\toks14
\inpenc@posthook=\toks15

("C:\Program Files\MiKTeX 2.9\tex\latex\base\utf8.def"
File: utf8.def 2008/04/05 v1.1m UTF-8 support for inputenc
Now handling font encoding OML ...
... no UTF-8 mapping file for font encoding OML
Now handling font encoding T1 ...
... processing UTF-8 mapping file for font encoding T1

("C:\Program Files\MiKTeX 2.9\tex\latex\base\t1enc.dfu"
File: t1enc.dfu 2008/04/05 v1.1m UTF-8 support for inputenc
   defining Unicode char U+00A1 (decimal 161)
   defining Unicode char U+00A3 (decimal 163)
   defining Unicode char U+00AB (decimal 171)
   defining Unicode char U+00BB (decimal 187)
   defining Unicode char U+00BF (decimal 191)
   defining Unicode char U+00C0 (decimal 192)
   defining Unicode char U+00C1 (decimal 193)
   defining Unicode char U+00C2 (decimal 194)
   defining Unicode char U+00C3 (decimal 195)
   defining Unicode char U+00C4 (decimal 196)
   defining Unicode char U+00C5 (decimal 197)
   defining Unicode char U+00C6 (decimal 198)
   defining Unicode char U+00C7 (decimal 199)
   defining Unicode char U+00C8 (decimal 200)
   defining Unicode char U+00C9 (decimal 201)
   defining Unicode char U+00CA (decimal 202)
   defining Unicode char U+00CB (decimal 203)
   defining Unicode char U+00CC (decimal 204)
   defining Unicode char U+00CD (decimal 205)
   defining Unicode char U+00CE (decimal 206)
   defining Unicode char U+00CF (decimal 207)
   defining Unicode char U+00D0 (decimal 208)
   defining Unicode char U+00D1 (decimal 209)
   defining Unicode char U+00D2 (decimal 210)
   defining Unicode char U+00D3 (decimal 211)
   defining Unicode char U+00D4 (decimal 212)
   defining Unicode char U+00D5 (decimal 213)
   defining Unicode char U+00D6 (decimal 214)
   defining Unicode char U+00D8 (decimal 216)
   defining Unicode char U+00D9 (decimal 217)
   defining Unicode char U+00DA (decimal 218)
   defining Unicode char U+00DB (decimal 219)
   defining Unicode char U+00DC (decimal 220)
   defining Unicode char U+00DD (decimal 221)
   defining Unicode char U+00DE (decimal 222)
   defining Unicode char U+00DF (decimal 223)
   defining Unicode char U+00E0 (decimal 224)
   defining Unicode char U+00E1 (decimal 225)
   defining Unicode char U+00E2 (decimal 226)
   defining Unicode char U+00E3 (decimal 227)
   defining Unicode char U+00E4 (decimal 228)
   defining Unicode char U+00E5 (decimal 229)
   defining Unicode char U+00E6 (decimal 230)
   defining Unicode char U+00E7 (decimal 231)
   defining Unicode char U+00E8 (decimal 232)
   defining Unicode char U+00E9 (decimal 233)
   defining Unicode char U+00EA (decimal 234)
   defining Unicode char U+00EB (decimal 235)
   defining Unicode char U+00EC (decimal 236)
   defining Unicode char U+00ED (decimal 237)
   defining Unicode char U+00EE (decimal 238)
   defining Unicode char U+00EF (decimal 239)
   defining Unicode char U+00F0 (decimal 240)
   defining Unicode char U+00F1 (decimal 241)
   defining Unicode char U+00F2 (decimal 242)
   defining Unicode char U+00F3 (decimal 243)
   defining Unicode char U+00F4 (decimal 244)
   defining Unicode char U+00F5 (decimal 245)
   defining Unicode char U+00F6 (decimal 246)
   defining Unicode char U+00F8 (decimal 248)
   defining Unicode char U+00F9 (decimal 249)
   defining Unicode char U+00FA (decimal 250)
   defining Unicode char U+00FB (decimal 251)
   defining Unicode char U+00FC (decimal 252)
   defining Unicode char U+00FD (decimal 253)
   defining Unicode char U+00FE (decimal 254)
   defining Unicode char U+00FF (decimal 255)
   defining Unicode char U+0102 (decimal 258)
   defining Unicode char U+0103 (decimal 259)
   defining Unicode char U+0104 (decimal 260)
   defining Unicode char U+0105 (decimal 261)
   defining Unicode char U+0106 (decimal 262)
   defining Unicode char U+0107 (decimal 263)
   defining Unicode char U+010C (decimal 268)
   defining Unicode char U+010D (decimal 269)
   defining Unicode char U+010E (decimal 270)
   defining Unicode char U+010F (decimal 271)
   defining Unicode char U+0110 (decimal 272)
   defining Unicode char U+0111 (decimal 273)
   defining Unicode char U+0118 (decimal 280)
   defining Unicode char U+0119 (decimal 281)
   defining Unicode char U+011A (decimal 282)
   defining Unicode char U+011B (decimal 283)
   defining Unicode char U+011E (decimal 286)
   defining Unicode char U+011F (decimal 287)
   defining Unicode char U+0130 (decimal 304)
   defining Unicode char U+0131 (decimal 305)
   defining Unicode char U+0132 (decimal 306)
   defining Unicode char U+0133 (decimal 307)
   defining Unicode char U+0139 (decimal 313)
   defining Unicode char U+013A (decimal 314)
   defining Unicode char U+013D (decimal 317)
   defining Unicode char U+013E (decimal 318)
   defining Unicode char U+0141 (decimal 321)
   defining Unicode char U+0142 (decimal 322)
   defining Unicode char U+0143 (decimal 323)
   defining Unicode char U+0144 (decimal 324)
   defining Unicode char U+0147 (decimal 327)
   defining Unicode char U+0148 (decimal 328)
   defining Unicode char U+014A (decimal 330)
   defining Unicode char U+014B (decimal 331)
   defining Unicode char U+0150 (decimal 336)
   defining Unicode char U+0151 (decimal 337)
   defining Unicode char U+0152 (decimal 338)
   defining Unicode char U+0153 (decimal 339)
   defining Unicode char U+0154 (decimal 340)
   defining Unicode char U+0155 (decimal 341)
   defining Unicode char U+0158 (decimal 344)
   defining Unicode char U+0159 (decimal 345)
   defining Unicode char U+015A (decimal 346)
   defining Unicode char U+015B (decimal 347)
   defining Unicode char U+015E (decimal 350)
   defining Unicode char U+015F (decimal 351)
   defining Unicode char U+0160 (decimal 352)
   defining Unicode char U+0161 (decimal 353)
   defining Unicode char U+0162 (decimal 354)
   defining Unicode char U+0163 (decimal 355)
   defining Unicode char U+0164 (decimal 356)
   defining Unicode char U+0165 (decimal 357)
   defining Unicode char U+016E (decimal 366)
   defining Unicode char U+016F (decimal 367)
   defining Unicode char U+0170 (decimal 368)
   defining Unicode char U+0171 (decimal 369)
   defining Unicode char U+0178 (decimal 376)
   defining Unicode char U+0179 (decimal 377)
   defining Unicode char U+017A (decimal 378)
   defining Unicode char U+017B (decimal 379)
   defining Unicode char U+017C (decimal 380)
   defining Unicode char U+017D (decimal 381)
   defining Unicode char U+017E (decimal 382)
   defining Unicode char U+200C (decimal 8204)
   defining Unicode char U+2013 (decimal 8211)
   defining Unicode char U+2014 (decimal 8212)
   defining Unicode char U+2018 (decimal 8216)
   defining Unicode char U+2019 (decimal 8217)
   defining Unicode char U+201A (decimal 8218)
   defining Unicode char U+201C (decimal 8220)
   defining Unicode char U+201D (decimal 8221)
   defining Unicode char U+201E (decimal 8222)
   defining Unicode char U+2030 (decimal 8240)
   defining Unicode char U+2031 (decimal 8241)
   defining Unicode char U+2039 (decimal 8249)
   defining Unicode char U+203A (decimal 8250)
   defining Unicode char U+2423 (decimal 9251)
)
Now handling font encoding OT1 ...
... processing UTF-8 mapping file for font encoding OT1

("C:\Program Files\MiKTeX 2.9\tex\latex\base\ot1enc.dfu"
File: ot1enc.dfu 2008/04/05 v1.1m UTF-8 support for inputenc
   defining Unicode char U+00A1 (decimal 161)
   defining Unicode char U+00A3 (decimal 163)
   defining Unicode char U+00B8 (decimal 184)
   defining Unicode char U+00BF (decimal 191)
   defining Unicode char U+00C5 (decimal 197)
   defining Unicode char U+00C6 (decimal 198)
   defining Unicode char U+00D8 (decimal 216)
   defining Unicode char U+00DF (decimal 223)
   defining Unicode char U+00E6 (decimal 230)
   defining Unicode char U+00EC (decimal 236)
   defining Unicode char U+00ED (decimal 237)
   defining Unicode char U+00EE (decimal 238)
   defining Unicode char U+00EF (decimal 239)
   defining Unicode char U+00F8 (decimal 248)
   defining Unicode char U+0131 (decimal 305)
   defining Unicode char U+0141 (decimal 321)
   defining Unicode char U+0142 (decimal 322)
   defining Unicode char U+0152 (decimal 338)
   defining Unicode char U+0153 (decimal 339)
   defining Unicode char U+2013 (decimal 8211)
   defining Unicode char U+2014 (decimal 8212)
   defining Unicode char U+2018 (decimal 8216)
   defining Unicode char U+2019 (decimal 8217)
   defining Unicode char U+201C (decimal 8220)
   defining Unicode char U+201D (decimal 8221)
)
Now handling font encoding OMS ...
... processing UTF-8 mapping file for font encoding OMS

("C:\Program Files\MiKTeX 2.9\tex\latex\base\omsenc.dfu"
File: omsenc.dfu 2008/04/05 v1.1m UTF-8 support for inputenc
   defining Unicode char U+00A7 (decimal 167)
   defining Unicode char U+00B6 (decimal 182)
   defining Unicode char U+00B7 (decimal 183)
   defining Unicode char U+2020 (decimal 8224)
   defining Unicode char U+2021 (decimal 8225)
   defining Unicode char U+2022 (decimal 8226)
)
Now handling font encoding OMX ...
... no UTF-8 mapping file for font encoding OMX
Now handling font encoding U ...
... no UTF-8 mapping file for font encoding U
   defining Unicode char U+00A9 (decimal 169)
   defining Unicode char U+00AA (decimal 170)
   defining Unicode char U+00AE (decimal 174)
   defining Unicode char U+00BA (decimal 186)
   defining Unicode char U+02C6 (decimal 710)
   defining Unicode char U+02DC (decimal 732)
   defining Unicode char U+200C (decimal 8204)
   defining Unicode char U+2026 (decimal 8230)
   defining Unicode char U+2122 (decimal 8482)
   defining Unicode char U+2423 (decimal 9251)
))
("C:\Program Files\MiKTeX 2.9\tex\latex\mathdesign\mathdesign.sty"
Package: mathdesign 2013/08/29 v2.31 Math Design Project

("C:\Program Files\MiKTeX 2.9\tex\latex\graphics\keyval.sty"
Package: keyval 1999/03/16 v1.13 key=value parser (DPC)
\KV@toks@=\toks16
)
("C:\Program Files\MiKTeX 2.9\tex\latex\base\ifthen.sty"
Package: ifthen 2001/05/26 v1.1c Standard LaTeX ifthen package (DPC)
)
("C:\Program Files\MiKTeX 2.9\tex\latex\mathdesign\mdput\mdput.cfg")
("C:\Program Files\MiKTeX 2.9\tex\latex\mathdesign\mdput\mdput.sty"
Package: mdput 2013/08/29 v2.31 adobe utopia + mdput (Math Design Project)

("C:\Program Files\MiKTeX 2.9\tex\latex\mathdesign\mdfont.def"
File: mdfont.def 2013/08/29 v2.31 (Math Design Project)
)
("C:\Program Files\MiKTeX 2.9\tex\latex\mathdesign\mdsffont.def"
File: mdsffont.def 2013/08/29 v2.31 (Math Design Project)
)
("C:\Program Files\MiKTeX 2.9\tex\latex\mathdesign\mdttfont.def"
File: mdttfont.def 2013/08/29 v2.31 (Math Design Project)
)
\symmdcal=\mathgroup4
LaTeX Font Info:    Overwriting symbol font `mdcal' in version `bold'
(Font)                  OMS/mdput/m/n --> OMS/mdput/b/n on input line 97.
\symmdscr=\mathgroup5
LaTeX Font Info:    Overwriting symbol font `mdscr' in version `bold'
(Font)                  OMS/mdput/m/n --> OMS/mdput/b/n on input line 103.
LaTeX Font Info:    Overwriting math alphabet `\mathfrak' in version `bold'
(Font)                  U/xmdeuf/m/n --> U/xmdeuf/b/n on input line 110.
LaTeX Font Info:    Overwriting symbol font `operators' in version `normal'
(Font)                  OT1/cmr/m/n --> OT1/mdput/m/n on input line 121.
LaTeX Font Info:    Overwriting symbol font `letters' in version `normal'
(Font)                  OML/cmm/m/it --> OML/mdput/m/it on input line 122.
LaTeX Font Info:    Overwriting symbol font `symbols' in version `normal'
(Font)                  OMS/cmsy/m/n --> OMS/mdput/m/n on input line 123.
LaTeX Font Info:    Overwriting symbol font `largesymbols' in version `normal'
(Font)                  OMX/cmex/m/n --> OMX/mdput/m/n on input line 124.
LaTeX Font Info:    Overwriting symbol font `operators' in version `bold'
(Font)                  OT1/cmr/bx/n --> OT1/mdput/b/n on input line 126.
LaTeX Font Info:    Overwriting symbol font `letters' in version `bold'
(Font)                  OML/cmm/b/it --> OML/mdput/b/it on input line 127.
LaTeX Font Info:    Overwriting symbol font `symbols' in version `bold'
(Font)                  OMS/cmsy/b/n --> OMS/mdput/b/n on input line 128.
LaTeX Font Info:    Overwriting symbol font `largesymbols' in version `bold'
(Font)                  OMX/cmex/m/n --> OMX/mdput/b/n on input line 129.
LaTeX Font Info:    Overwriting math alphabet `\mathrm' in version `normal'
(Font)                  OT1/mdput/m/n --> T1/mdput/m/n on input line 131.
LaTeX Font Info:    Overwriting math alphabet `\mathbf' in version `normal'
(Font)                  OT1/cmr/bx/n --> T1/mdput/b/n on input line 132.
LaTeX Font Info:    Overwriting math alphabet `\mathit' in version `normal'
(Font)                  OT1/cmr/m/it --> T1/mdput/m/it on input line 133.
LaTeX Font Info:    Overwriting math alphabet `\mathsf' in version `normal'
(Font)                  OT1/cmss/m/n --> T1/cmss/m/n on input line 134.
LaTeX Font Info:    Overwriting math alphabet `\mathtt' in version `normal'
(Font)                  OT1/cmtt/m/n --> T1/cmtt/m/n on input line 135.
LaTeX Font Info:    Overwriting math alphabet `\mathrm' in version `bold'
(Font)                  OT1/mdput/b/n --> T1/mdput/b/n on input line 137.
LaTeX Font Info:    Overwriting math alphabet `\mathbf' in version `bold'
(Font)                  OT1/cmr/bx/n --> T1/mdput/b/n on input line 138.
LaTeX Font Info:    Overwriting math alphabet `\mathit' in version `bold'
(Font)                  OT1/cmr/bx/it --> T1/mdput/b/it on input line 139.
LaTeX Font Info:    Overwriting math alphabet `\mathsf' in version `bold'
(Font)                  OT1/cmss/bx/n --> T1/cmss/b/n on input line 140.
LaTeX Font Info:    Overwriting math alphabet `\mathtt' in version `bold'
(Font)                  OT1/cmtt/m/n --> T1/cmtt/b/n on input line 141.
\symlettersupright=\mathgroup6
LaTeX Font Info:    Overwriting symbol font `lettersupright' in version `bold'
(Font)                  OML/mdput/m/n --> OML/mdput/b/n on input line 144.
LaTeX Font Info:    Redeclaring math alphabet \mathrm on input line 145.
LaTeX Font Info:    Overwriting math alphabet `\mathcal' in version `normal'
(Font)                  OMS/mdput/m/n --> OMS/mdput/m/n on input line 167.

("C:\Program Files\MiKTeX 2.9\tex\latex\xkeyval\xkeyval.sty"
Package: xkeyval 2012/10/14 v2.6b package option processing (HA)

("C:\Program Files\MiKTeX 2.9\tex\generic\xkeyval\xkeyval.tex"
\XKV@toks=\toks17
\XKV@tempa@toks=\toks18
\XKV@depth=\count87
File: xkeyval.tex 2012/10/14 v2.6b key=value parser (HA)
))
LaTeX Font Info:    Try loading font information for T1+mdput on input line 186
.

("C:\Program Files\MiKTeX 2.9\tex\latex\mathdesign\mdput\t1mdput.fd"
File: t1mdput.fd 2013/08/29 Fontinst v1.933 font definitions for T1/mdput.
)
LaTeX Font Info:    Font shape `T1/mdput/m/n' will be
(Font)              scaled to size 9.40002pt on input line 186.
LaTeX Font Info:    Redeclaring math accent \widetilde on input line 449.
LaTeX Font Info:    Redeclaring math accent \widehat on input line 450.
Now handling font encoding MDA ...
... no UTF-8 mapping file for font encoding MDA
\symmathdesignA=\mathgroup7
LaTeX Font Info:    Overwriting symbol font `mathdesignA' in version `bold'
(Font)                  MDA/mdput/m/n --> MDA/mdput/b/n on input line 491.
Now handling font encoding MDB ...
... no UTF-8 mapping file for font encoding MDB
\symmathdesignB=\mathgroup8
LaTeX Font Info:    Overwriting symbol font `mathdesignB' in version `bold'
(Font)                  MDB/mdput/m/n --> MDB/mdput/b/n on input line 498.
\@emptytoks=\toks19
LaTeX Font Info:    Redeclaring math accent \widetilde on input line 532.
LaTeX Font Info:    Redeclaring math accent \widehat on input line 533.
\rulethickness=\skip43
)
("C:\Program Files\MiKTeX 2.9\tex\latex\base\fontenc.sty"
Package: fontenc 2005/09/27 v1.99g Standard LaTeX package

("C:\Program Files\MiKTeX 2.9\tex\latex\base\t1enc.def"
File: t1enc.def 2005/09/27 v1.99g Standard LaTeX file
LaTeX Font Info:    Redeclaring font encoding T1 on input line 43.
)))
("C:\Program Files\MiKTeX 2.9\tex\latex\amsmath\amsmath.sty"
Package: amsmath 2013/01/14 v2.14 AMS math features
\@mathmargin=\skip44

For additional information on amsmath, use the `?' option.
("C:\Program Files\MiKTeX 2.9\tex\latex\amsmath\amstext.sty"
Package: amstext 2000/06/29 v2.01

("C:\Program Files\MiKTeX 2.9\tex\latex\amsmath\amsgen.sty"
File: amsgen.sty 1999/11/30 v2.0
\@emptytoks=\toks20
\ex@=\dimen103
))
("C:\Program Files\MiKTeX 2.9\tex\latex\amsmath\amsbsy.sty"
Package: amsbsy 1999/11/29 v1.2d
\pmbraise@=\dimen104
)
("C:\Program Files\MiKTeX 2.9\tex\latex\amsmath\amsopn.sty"
Package: amsopn 1999/12/14 v2.01 operator names
)
\inf@bad=\count88
LaTeX Info: Redefining \frac on input line 210.
\uproot@=\count89
\leftroot@=\count90
LaTeX Info: Redefining \overline on input line 306.
\classnum@=\count91
\DOTSCASE@=\count92
LaTeX Info: Redefining \ldots on input line 378.
LaTeX Info: Redefining \dots on input line 381.
LaTeX Info: Redefining \cdots on input line 466.
\Mathstrutbox@=\box26
\strutbox@=\box27
\big@size=\dimen105
LaTeX Font Info:    Redeclaring font encoding OML on input line 566.
LaTeX Font Info:    Redeclaring font encoding OMS on input line 567.
\macc@depth=\count93
\c@MaxMatrixCols=\count94
\dotsspace@=\muskip10
\c@parentequation=\count95
\dspbrk@lvl=\count96
\tag@help=\toks21
\row@=\count97
\column@=\count98
\maxfields@=\count99
\andhelp@=\toks22
\eqnshift@=\dimen106
\alignsep@=\dimen107
\tagshift@=\dimen108
\tagwidth@=\dimen109
\totwidth@=\dimen110
\lineht@=\dimen111
\@envbody=\toks23
\multlinegap=\skip45
\multlinetaggap=\skip46
\mathdisplay@stack=\toks24
LaTeX Info: Redefining \[ on input line 2665.
LaTeX Info: Redefining \] on input line 2666.
)
("C:\Program Files\MiKTeX 2.9\tex\generic\babel\babel.sty"
Package: babel 2008/07/08 v3.8m The Babel package

*************************************
* Local config file bblopts.cfg used
*
("C:\Program Files\MiKTeX 2.9\tex\latex\00miktex\bblopts.cfg"
File: bblopts.cfg 2006/07/31 v1.0 MiKTeX 'babel' configuration
)
("C:\Program Files\MiKTeX 2.9\tex\generic\babel\frenchb.ldf"
Language: frenchb 2009/03/16 v2.3d French support from the babel system

("C:\Program Files\MiKTeX 2.9\tex\generic\babel\babel.def"
File: babel.def 2008/07/08 v3.8m Babel common definitions
\babel@savecnt=\count100
\U@D=\dimen112
)
Package babel Info: Making : an active character on input line 120.
Package babel Info: Making ; an active character on input line 121.
Package babel Info: Making ! an active character on input line 122.
Package babel Info: Making ? an active character on input line 123.
\FB@Mht=\dimen113
\std@mcc=\count101
\dec@mcc=\count102
\parindentFFN=\dimen114

*************************************
* Local config file frenchb.cfg used
*
("C:\Program Files\MiKTeX 2.9\tex\generic\babel\frenchb.cfg")))
("C:\Program Files\MiKTeX 2.9\tex\latex\carlisle\scalefnt.sty")
("C:\Program Files\MiKTeX 2.9\tex\latex\graphics\graphicx.sty"
Package: graphicx 1999/02/16 v1.0f Enhanced LaTeX Graphics (DPC,SPQR)

("C:\Program Files\MiKTeX 2.9\tex\latex\graphics\graphics.sty"
Package: graphics 2009/02/05 v1.0o Standard LaTeX Graphics (DPC,SPQR)

("C:\Program Files\MiKTeX 2.9\tex\latex\graphics\trig.sty"
Package: trig 1999/03/16 v1.09 sin cos tan (DPC)
)
("C:\Program Files\MiKTeX 2.9\tex\latex\00miktex\graphics.cfg"
File: graphics.cfg 2007/01/18 v1.5 graphics configuration of teTeX/TeXLive
)
Package graphics Info: Driver file: dvips.def on input line 91.

("C:\Program Files\MiKTeX 2.9\tex\latex\graphics\dvips.def"
File: dvips.def 1999/02/16 v3.0i Driver-dependant file (DPC,SPQR)
))
\Gin@req@height=\dimen115
\Gin@req@width=\dimen116
)
("C:\Program Files\MiKTeX 2.9\tex\latex\framed\framed.sty"
Package: framed 2011/10/22 v 0.96: framed or shaded text with page breaks
\OuterFrameSep=\skip47
\fb@frw=\dimen117
\fb@frh=\dimen118
\FrameRule=\dimen119
\FrameSep=\dimen120
)
("C:\Program Files\MiKTeX 2.9\tex\latex\ulem\ulem.sty"
\UL@box=\box28
\UL@hyphenbox=\box29
\UL@skip=\skip48
\UL@hook=\toks25
\UL@height=\dimen121
\UL@pe=\count103
\UL@pixel=\dimen122
\ULC@box=\box30
Package: ulem 2012/05/18
\ULdepth=\dimen123
)
("C:\Program Files\MiKTeX 2.9\tex\latex\fancyhdr\fancyhdr.sty"
\fancy@headwidth=\skip49
\f@ncyO@elh=\skip50
\f@ncyO@erh=\skip51
\f@ncyO@olh=\skip52
\f@ncyO@orh=\skip53
\f@ncyO@elf=\skip54
\f@ncyO@erf=\skip55
\f@ncyO@olf=\skip56
\f@ncyO@orf=\skip57
)
("C:\Program Files\MiKTeX 2.9\tex\latex\titlesec\titlesec.sty"
Package: titlesec 2011/12/15 v2.10.0 Sectioning titles
\ttl@box=\box31
\beforetitleunit=\skip58
\aftertitleunit=\skip59
\ttl@plus=\dimen124
\ttl@minus=\dimen125
\ttl@toksa=\toks26
\titlewidth=\dimen126
\titlewidthlast=\dimen127
\titlewidthfirst=\dimen128
)
("C:\Program Files\MiKTeX 2.9\tex\latex\ieeepes\vmargin.sty"
Package: vmargin 1999/06/01

Package `vmargin', V2.2, <1999/06/01>
\PaperWidth=\dimen129
\PaperHeight=\dimen130
) ("C:\Program Files\MiKTeX 2.9\tex\latex\multirow\multirow.sty"
\bigstrutjot=\dimen131
)
("C:\Program Files\MiKTeX 2.9\tex\latex\tools\multicol.sty"
Package: multicol 2011/06/27 v1.7a multicolumn formatting (FMi)
\c@tracingmulticols=\count104
\mult@box=\box32
\multicol@leftmargin=\dimen132
\c@unbalance=\count105
\c@collectmore=\count106
\doublecol@number=\count107
\multicoltolerance=\count108
\multicolpretolerance=\count109
\full@width=\dimen133
\page@free=\dimen134
\premulticols=\dimen135
\postmulticols=\dimen136
\multicolsep=\skip60
\multicolbaselineskip=\skip61
\partial@page=\box33
\last@line=\box34
\mult@rightbox=\box35
\mult@grightbox=\box36
\mult@gfirstbox=\box37
\mult@firstbox=\box38
\@tempa=\box39
\@tempa=\box40
\@tempa=\box41
\@tempa=\box42
\@tempa=\box43
\@tempa=\box44
\@tempa=\box45
\@tempa=\box46
\@tempa=\box47
\@tempa=\box48
\@tempa=\box49
\@tempa=\box50
\@tempa=\box51
\@tempa=\box52
\@tempa=\box53
\@tempa=\box54
\@tempa=\box55
\c@columnbadness=\count110
\c@finalcolumnbadness=\count111
\last@try=\dimen137
\multicolovershoot=\dimen138
\multicolundershoot=\dimen139
\mult@nat@firstbox=\box56
\colbreak@box=\box57
\multicol@sort@counter=\count112
)
("C:\Program Files\MiKTeX 2.9\tex\latex\graphics\color.sty"
Package: color 2005/11/14 v1.0j Standard LaTeX Color (DPC)

("C:\Program Files\MiKTeX 2.9\tex\latex\00miktex\color.cfg"
File: color.cfg 2007/01/18 v1.5 color configuration of teTeX/TeXLive
)
Package color Info: Driver file: pdftex.def on input line 130.

("C:\Program Files\MiKTeX 2.9\tex\latex\pdftex-def\pdftex.def"
File: pdftex.def 2011/05/27 v0.06d Graphics/color for pdfTeX

("C:\Program Files\MiKTeX 2.9\tex\generic\oberdiek\infwarerr.sty"
Package: infwarerr 2010/04/08 v1.3 Providing info/warning/error messages (HO)
)
("C:\Program Files\MiKTeX 2.9\tex\generic\oberdiek\ltxcmds.sty"
Package: ltxcmds 2011/11/09 v1.22 LaTeX kernel commands for general use (HO)
)
\Gread@gobject=\count113
))
("C:\Program Files\MiKTeX 2.9\tex\latex\titlesec\titletoc.sty"
Package: titletoc 2011/12/15 v1.6 TOC entries
\ttl@leftsep=\dimen140
))
(C:\Enseignements\GitHub\CI_01_EtudeSystemes\12_AnalyseSystemesHydrauliquesPneu
matiques\Cours\style/programHeadings.tex
("C:\Program Files\MiKTeX 2.9\tex\latex\algorithm2e\algorithm2e.sty"
Package: algorithm2e 2013/01/06 v5.00 algorithms environments
\c@AlgoLine=\count114

("C:\Program Files\MiKTeX 2.9\tex\latex\tools\xspace.sty"
Package: xspace 2009/10/20 v1.13 Space after command names (DPC,MH)
)
("C:\Program Files\MiKTeX 2.9\tex\latex\ltxmisc\relsize.sty"
Package: relsize 2003/07/04 ver 3.1
)
********************************************************
Package `algorithm2e' Release 5.0 -- january 06 2013 --
- algorithm2e-announce@lirmm.fr mailing list for announcement about releases
- algorithm2e-discussion@lirmm.fr mailing list for discussion about package
subscribe by emailing sympa@lirmm.fr with 'subscribe <list> <firstname name>'
- Author: Christophe Fiorio (cfiorio@um2.fr)
********************************************************
\skiptotal=\skip62
\skiplinenumber=\skip63
\skiprule=\skip64
\skiphlne=\skip65
\skiptext=\skip66
\skiplength=\skip67
\algomargin=\skip68
\skipalgocfslide=\skip69
\algowidth=\dimen141
\inoutsize=\dimen142
\inoutindent=\dimen143
\interspacetitleruled=\dimen144
\interspacealgoruled=\dimen145
\interspacetitleboxruled=\dimen146
\algocf@inoutbox=\box58
\algocf@inputbox=\box59
\AlCapSkip=\skip70
\AlCapHSkip=\skip71
\algoskipindent=\skip72
\algocf@nlbox=\box60
\algocf@hangingbox=\box61
\algocf@untilbox=\box62
\algocf@skipuntil=\skip73
\algocf@capbox=\box63
\algoheightruledefault=\skip74
\algoheightrule=\skip75
\algotitleheightruledefault=\skip76
\algotitleheightrule=\skip77
\c@algocfline=\count115
\c@algocfproc=\count116
\c@algocf=\count117
\algocf@algoframe=\box64
\algocf@algobox=\box65
) ("C:\Program Files\MiKTeX 2.9\tex\latex\listings\listings.sty"
\lst@mode=\count118
\lst@gtempboxa=\box66
\lst@token=\toks27
\lst@length=\count119
\lst@currlwidth=\dimen147
\lst@column=\count120
\lst@pos=\count121
\lst@lostspace=\dimen148
\lst@width=\dimen149
\lst@newlines=\count122
\lst@lineno=\count123
\lst@maxwidth=\dimen150

("C:\Program Files\MiKTeX 2.9\tex\latex\listings\lstmisc.sty"
File: lstmisc.sty 2013/08/26 1.5b (Carsten Heinz)
\c@lstnumber=\count124
\lst@skipnumbers=\count125
\lst@framebox=\box67
)
("C:\Program Files\MiKTeX 2.9\tex\latex\listings\listings.cfg"
File: listings.cfg 2013/08/26 1.5b listings configuration
))
Package: listings 2013/08/26 1.5b (Carsten Heinz)

("C:\Program Files\MiKTeX 2.9\tex\latex\listings\lstlang1.sty"
File: lstlang1.sty 2013/08/26 1.5b listings language file
)
("C:\Program Files\MiKTeX 2.9\tex\latex\listings\lstlang2.sty"
File: lstlang2.sty 2013/08/26 1.5b listings language file
)
("C:\Program Files\MiKTeX 2.9\tex\latex\listings\lstlang3.sty"
File: lstlang3.sty 2013/08/26 1.5b listings language file
)
("C:\Program Files\MiKTeX 2.9\tex\latex\base\textcomp.sty"
Package: textcomp 2005/09/27 v1.99g Standard LaTeX package
Package textcomp Info: Sub-encoding information:
(textcomp)               5 = only ISO-Adobe without \textcurrency
(textcomp)               4 = 5 + \texteuro
(textcomp)               3 = 4 + \textohm
(textcomp)               2 = 3 + \textestimated + \textcurrency
(textcomp)               1 = TS1 - \textcircled - \t
(textcomp)               0 = TS1 (full)
(textcomp)             Font families with sub-encoding setting implement
(textcomp)             only a restricted character set as indicated.
(textcomp)             Family '?' is the default used for unknown fonts.
(textcomp)             See the documentation for details.
Package textcomp Info: Setting ? sub-encoding to TS1/1 on input line 71.

("C:\Program Files\MiKTeX 2.9\tex\latex\base\ts1enc.def"
File: ts1enc.def 2001/06/05 v3.0e (jk/car/fm) Standard LaTeX file
Now handling font encoding TS1 ...
... processing UTF-8 mapping file for font encoding TS1

("C:\Program Files\MiKTeX 2.9\tex\latex\base\ts1enc.dfu"
File: ts1enc.dfu 2008/04/05 v1.1m UTF-8 support for inputenc
   defining Unicode char U+00A2 (decimal 162)
   defining Unicode char U+00A3 (decimal 163)
   defining Unicode char U+00A4 (decimal 164)
   defining Unicode char U+00A5 (decimal 165)
   defining Unicode char U+00A6 (decimal 166)
   defining Unicode char U+00A7 (decimal 167)
   defining Unicode char U+00A8 (decimal 168)
   defining Unicode char U+00A9 (decimal 169)
   defining Unicode char U+00AA (decimal 170)
   defining Unicode char U+00AC (decimal 172)
   defining Unicode char U+00AE (decimal 174)
   defining Unicode char U+00AF (decimal 175)
   defining Unicode char U+00B0 (decimal 176)
   defining Unicode char U+00B1 (decimal 177)
   defining Unicode char U+00B2 (decimal 178)
   defining Unicode char U+00B3 (decimal 179)
   defining Unicode char U+00B4 (decimal 180)
   defining Unicode char U+00B5 (decimal 181)
   defining Unicode char U+00B6 (decimal 182)
   defining Unicode char U+00B7 (decimal 183)
   defining Unicode char U+00B9 (decimal 185)
   defining Unicode char U+00BA (decimal 186)
   defining Unicode char U+00BC (decimal 188)
   defining Unicode char U+00BD (decimal 189)
   defining Unicode char U+00BE (decimal 190)
   defining Unicode char U+00D7 (decimal 215)
   defining Unicode char U+00F7 (decimal 247)
   defining Unicode char U+0192 (decimal 402)
   defining Unicode char U+02C7 (decimal 711)
   defining Unicode char U+02D8 (decimal 728)
   defining Unicode char U+02DD (decimal 733)
   defining Unicode char U+0E3F (decimal 3647)
   defining Unicode char U+2016 (decimal 8214)
   defining Unicode char U+2020 (decimal 8224)
   defining Unicode char U+2021 (decimal 8225)
   defining Unicode char U+2022 (decimal 8226)
   defining Unicode char U+2030 (decimal 8240)
   defining Unicode char U+2031 (decimal 8241)
   defining Unicode char U+203B (decimal 8251)
   defining Unicode char U+203D (decimal 8253)
   defining Unicode char U+2044 (decimal 8260)
   defining Unicode char U+204E (decimal 8270)
   defining Unicode char U+2052 (decimal 8274)
   defining Unicode char U+20A1 (decimal 8353)
   defining Unicode char U+20A4 (decimal 8356)
   defining Unicode char U+20A6 (decimal 8358)
   defining Unicode char U+20A9 (decimal 8361)
   defining Unicode char U+20AB (decimal 8363)
   defining Unicode char U+20AC (decimal 8364)
   defining Unicode char U+20B1 (decimal 8369)
   defining Unicode char U+2103 (decimal 8451)
   defining Unicode char U+2116 (decimal 8470)
   defining Unicode char U+2117 (decimal 8471)
   defining Unicode char U+211E (decimal 8478)
   defining Unicode char U+2120 (decimal 8480)
   defining Unicode char U+2122 (decimal 8482)
   defining Unicode char U+2126 (decimal 8486)
   defining Unicode char U+2127 (decimal 8487)
   defining Unicode char U+212E (decimal 8494)
   defining Unicode char U+2190 (decimal 8592)
   defining Unicode char U+2191 (decimal 8593)
   defining Unicode char U+2192 (decimal 8594)
   defining Unicode char U+2193 (decimal 8595)
   defining Unicode char U+2329 (decimal 9001)
   defining Unicode char U+232A (decimal 9002)
   defining Unicode char U+2422 (decimal 9250)
   defining Unicode char U+25E6 (decimal 9702)
   defining Unicode char U+25EF (decimal 9711)
   defining Unicode char U+266A (decimal 9834)
))
LaTeX Info: Redefining \oldstylenums on input line 266.
Package textcomp Info: Setting cmr sub-encoding to TS1/0 on input line 281.
Package textcomp Info: Setting cmss sub-encoding to TS1/0 on input line 282.
Package textcomp Info: Setting cmtt sub-encoding to TS1/0 on input line 283.
Package textcomp Info: Setting cmvtt sub-encoding to TS1/0 on input line 284.
Package textcomp Info: Setting cmbr sub-encoding to TS1/0 on input line 285.
Package textcomp Info: Setting cmtl sub-encoding to TS1/0 on input line 286.
Package textcomp Info: Setting ccr sub-encoding to TS1/0 on input line 287.
Package textcomp Info: Setting ptm sub-encoding to TS1/4 on input line 288.
Package textcomp Info: Setting pcr sub-encoding to TS1/4 on input line 289.
Package textcomp Info: Setting phv sub-encoding to TS1/4 on input line 290.
Package textcomp Info: Setting ppl sub-encoding to TS1/3 on input line 291.
Package textcomp Info: Setting pag sub-encoding to TS1/4 on input line 292.
Package textcomp Info: Setting pbk sub-encoding to TS1/4 on input line 293.
Package textcomp Info: Setting pnc sub-encoding to TS1/4 on input line 294.
Package textcomp Info: Setting pzc sub-encoding to TS1/4 on input line 295.
Package textcomp Info: Setting bch sub-encoding to TS1/4 on input line 296.
Package textcomp Info: Setting put sub-encoding to TS1/5 on input line 297.
Package textcomp Info: Setting uag sub-encoding to TS1/5 on input line 298.
Package textcomp Info: Setting ugq sub-encoding to TS1/5 on input line 299.
Package textcomp Info: Setting ul8 sub-encoding to TS1/4 on input line 300.
Package textcomp Info: Setting ul9 sub-encoding to TS1/4 on input line 301.
Package textcomp Info: Setting augie sub-encoding to TS1/5 on input line 302.
Package textcomp Info: Setting dayrom sub-encoding to TS1/3 on input line 303.
Package textcomp Info: Setting dayroms sub-encoding to TS1/3 on input line 304.

Package textcomp Info: Setting pxr sub-encoding to TS1/0 on input line 305.
Package textcomp Info: Setting pxss sub-encoding to TS1/0 on input line 306.
Package textcomp Info: Setting pxtt sub-encoding to TS1/0 on input line 307.
Package textcomp Info: Setting txr sub-encoding to TS1/0 on input line 308.
Package textcomp Info: Setting txss sub-encoding to TS1/0 on input line 309.
Package textcomp Info: Setting txtt sub-encoding to TS1/0 on input line 310.
Package textcomp Info: Setting lmr sub-encoding to TS1/0 on input line 311.
Package textcomp Info: Setting lmdh sub-encoding to TS1/0 on input line 312.
Package textcomp Info: Setting lmss sub-encoding to TS1/0 on input line 313.
Package textcomp Info: Setting lmssq sub-encoding to TS1/0 on input line 314.
Package textcomp Info: Setting lmvtt sub-encoding to TS1/0 on input line 315.
Package textcomp Info: Setting qhv sub-encoding to TS1/0 on input line 316.
Package textcomp Info: Setting qag sub-encoding to TS1/0 on input line 317.
Package textcomp Info: Setting qbk sub-encoding to TS1/0 on input line 318.
Package textcomp Info: Setting qcr sub-encoding to TS1/0 on input line 319.
Package textcomp Info: Setting qcs sub-encoding to TS1/0 on input line 320.
Package textcomp Info: Setting qpl sub-encoding to TS1/0 on input line 321.
Package textcomp Info: Setting qtm sub-encoding to TS1/0 on input line 322.
Package textcomp Info: Setting qzc sub-encoding to TS1/0 on input line 323.
Package textcomp Info: Setting qhvc sub-encoding to TS1/0 on input line 324.
Package textcomp Info: Setting futs sub-encoding to TS1/4 on input line 325.
Package textcomp Info: Setting futx sub-encoding to TS1/4 on input line 326.
Package textcomp Info: Setting futj sub-encoding to TS1/4 on input line 327.
Package textcomp Info: Setting hlh sub-encoding to TS1/3 on input line 328.
Package textcomp Info: Setting hls sub-encoding to TS1/3 on input line 329.
Package textcomp Info: Setting hlst sub-encoding to TS1/3 on input line 330.
Package textcomp Info: Setting hlct sub-encoding to TS1/5 on input line 331.
Package textcomp Info: Setting hlx sub-encoding to TS1/5 on input line 332.
Package textcomp Info: Setting hlce sub-encoding to TS1/5 on input line 333.
Package textcomp Info: Setting hlcn sub-encoding to TS1/5 on input line 334.
Package textcomp Info: Setting hlcw sub-encoding to TS1/5 on input line 335.
Package textcomp Info: Setting hlcf sub-encoding to TS1/5 on input line 336.
Package textcomp Info: Setting pplx sub-encoding to TS1/3 on input line 337.
Package textcomp Info: Setting pplj sub-encoding to TS1/3 on input line 338.
Package textcomp Info: Setting ptmx sub-encoding to TS1/4 on input line 339.
Package textcomp Info: Setting ptmj sub-encoding to TS1/4 on input line 340.
)
("C:\Program Files\MiKTeX 2.9\tex\latex\setspace\setspace.sty"
Package: setspace 2011/12/19 v6.7a set line spacing
))
(C:\Enseignements\GitHub\CI_01_EtudeSystemes\12_AnalyseSystemesHydrauliquesPneu
matiques\Cours\style/macros_SII.tex)
(C:\Enseignements\GitHub\CI_01_EtudeSystemes\12_AnalyseSystemesHydrauliquesPneu
matiques\Cours\style/macros_Titres.tex
LaTeX Font Info:    Font shape `OT1/phv/b/n' will be
(Font)              scaled to size 70.47974pt on input line 43.
LaTeX Font Info:    Font shape `OT1/phv/m/it' in size <40> not available
(Font)              Font shape `OT1/phv/m/sl' tried instead on input line 45.
LaTeX Font Info:    Font shape `OT1/phv/m/sl' will be
(Font)              scaled to size 35.23987pt on input line 45.
LaTeX Font Info:    Font shape `T1/phv/b/n' will be
(Font)              scaled to size 22.02492pt on input line 47.
\oldparindent=\dimen151
)
(C:\Enseignements\GitHub\CI_01_EtudeSystemes\12_AnalyseSystemesHydrauliquesPneu
matiques\Cours\style/macros_Frames.tex
Package color Info: Redefining color gris25 on input line 3.
Package color Info: Redefining color bleu on input line 4.
Package color Info: Redefining color bleuf on input line 5.
Package color Info: Redefining color bleuc on input line 6.
Package color Info: Redefining color rougef on input line 7.
Package color Info: Redefining color rougec on input line 8.
Package color Info: Redefining color vertf on input line 9.
Package color Info: Redefining color vertc on input line 10.
Package color Info: Redefining color violetf on input line 11.
Package color Info: Redefining color violetc on input line 12.
Package color Info: Redefining color jaunec on input line 13.
)
("C:\Program Files\MiKTeX 2.9\tex\latex\hyperref\hyperref.sty"
Package: hyperref 2012/11/06 v6.83m Hypertext links for LaTeX

("C:\Program Files\MiKTeX 2.9\tex\generic\oberdiek\hobsub-hyperref.sty"
Package: hobsub-hyperref 2012/04/25 v1.12 Bundle oberdiek, subset hyperref (HO)


("C:\Program Files\MiKTeX 2.9\tex\generic\oberdiek\hobsub-generic.sty"
Package: hobsub-generic 2012/04/25 v1.12 Bundle oberdiek, subset generic (HO)
Package: hobsub 2012/04/25 v1.12 Construct package bundles (HO)
Package hobsub Info: Skipping package `infwarerr' (already loaded).
Package hobsub Info: Skipping package `ltxcmds' (already loaded).
Package: ifluatex 2010/03/01 v1.3 Provides the ifluatex switch (HO)
Package ifluatex Info: LuaTeX not detected.
Package: ifvtex 2010/03/01 v1.5 Detect VTeX and its facilities (HO)
Package ifvtex Info: VTeX not detected.
Package: intcalc 2007/09/27 v1.1 Expandable calculations with integers (HO)
Package: ifpdf 2011/01/30 v2.3 Provides the ifpdf switch (HO)
Package ifpdf Info: pdfTeX in PDF mode is detected.
Package: etexcmds 2011/02/16 v1.5 Avoid name clashes with e-TeX commands (HO)
Package etexcmds Info: Could not find \expanded.
(etexcmds)             That can mean that you are not using pdfTeX 1.50 or
(etexcmds)             that some package has redefined \expanded.
(etexcmds)             In the latter case, load this package earlier.
Package: kvsetkeys 2012/04/25 v1.16 Key value parser (HO)
Package: kvdefinekeys 2011/04/07 v1.3 Define keys (HO)
Package: pdftexcmds 2011/11/29 v0.20 Utility functions of pdfTeX for LuaTeX (HO
)
Package pdftexcmds Info: LuaTeX not detected.
Package pdftexcmds Info: \pdf@primitive is available.
Package pdftexcmds Info: \pdf@ifprimitive is available.
Package pdftexcmds Info: \pdfdraftmode found.
Package: pdfescape 2011/11/25 v1.13 Implements pdfTeX's escape features (HO)
Package: bigintcalc 2012/04/08 v1.3 Expandable calculations on big integers (HO
)
Package: bitset 2011/01/30 v1.1 Handle bit-vector datatype (HO)
Package: uniquecounter 2011/01/30 v1.2 Provide unlimited unique counter (HO)
)
Package hobsub Info: Skipping package `hobsub' (already loaded).
Package: letltxmacro 2010/09/02 v1.4 Let assignment for LaTeX macros (HO)
Package: hopatch 2011/06/24 v1.1 Wrapper for package hooks (HO)
Package: xcolor-patch 2011/01/30 xcolor patch
Package: atveryend 2011/06/30 v1.8 Hooks at the very end of document (HO)
Package atveryend Info: \enddocument detected (standard20110627).
Package: atbegshi 2011/10/05 v1.16 At begin shipout hook (HO)
Package: refcount 2011/10/16 v3.4 Data extraction from label references (HO)
Package: hycolor 2011/01/30 v1.7 Color options for hyperref/bookmark (HO)
)
("C:\Program Files\MiKTeX 2.9\tex\generic\ifxetex\ifxetex.sty"
Package: ifxetex 2010/09/12 v0.6 Provides ifxetex conditional
)
("C:\Program Files\MiKTeX 2.9\tex\latex\oberdiek\auxhook.sty"
Package: auxhook 2011/03/04 v1.3 Hooks for auxiliary files (HO)
)
("C:\Program Files\MiKTeX 2.9\tex\latex\oberdiek\kvoptions.sty"
Package: kvoptions 2011/06/30 v3.11 Key value format for package options (HO)
)
\@linkdim=\dimen152
\Hy@linkcounter=\count126
\Hy@pagecounter=\count127

("C:\Program Files\MiKTeX 2.9\tex\latex\hyperref\pd1enc.def"
File: pd1enc.def 2012/11/06 v6.83m Hyperref: PDFDocEncoding definition (HO)
Now handling font encoding PD1 ...
... no UTF-8 mapping file for font encoding PD1
)
\Hy@SavedSpaceFactor=\count128

("C:\Program Files\MiKTeX 2.9\tex\latex\00miktex\hyperref.cfg"
File: hyperref.cfg 2002/06/06 v1.2 hyperref configuration of TeXLive
)
Package hyperref Info: Option `colorlinks' set `true' on input line 4319.
Package hyperref Info: Hyper figures OFF on input line 4443.
Package hyperref Info: Link nesting OFF on input line 4448.
Package hyperref Info: Hyper index ON on input line 4451.
Package hyperref Info: Plain pages OFF on input line 4458.
Package hyperref Info: Backreferencing OFF on input line 4463.
Package hyperref Info: Implicit mode ON; LaTeX internals redefined.
Package hyperref Info: Bookmarks ON on input line 4688.
\c@Hy@tempcnt=\count129

("C:\Program Files\MiKTeX 2.9\tex\latex\url\url.sty"
\Urlmuskip=\muskip11
Package: url 2013/09/16  ver 3.4  Verb mode for urls, etc.
)
LaTeX Info: Redefining \url on input line 5041.
\XeTeXLinkMargin=\dimen153
\Fld@menulength=\count130
\Field@Width=\dimen154
\Fld@charsize=\dimen155
Package hyperref Info: Hyper figures OFF on input line 6295.
Package hyperref Info: Link nesting OFF on input line 6300.
Package hyperref Info: Hyper index ON on input line 6303.
Package hyperref Info: backreferencing OFF on input line 6310.
Package hyperref Info: Link coloring ON on input line 6313.
Package hyperref Info: Link coloring with OCG OFF on input line 6320.
Package hyperref Info: PDF/A mode OFF on input line 6325.
LaTeX Info: Redefining \ref on input line 6365.
LaTeX Info: Redefining \pageref on input line 6369.
\Hy@abspage=\count131
\c@Item=\count132
\c@Hfootnote=\count133
)

Package hyperref Message: Driver (autodetected): hpdftex.

("C:\Program Files\MiKTeX 2.9\tex\latex\hyperref\hpdftex.def"
File: hpdftex.def 2012/11/06 v6.83m Hyperref driver for pdfTeX
\Fld@listcount=\count134
\c@bookmark@seq@number=\count135

("C:\Program Files\MiKTeX 2.9\tex\latex\oberdiek\rerunfilecheck.sty"
Package: rerunfilecheck 2011/04/15 v1.7 Rerun checks for auxiliary files (HO)
Package uniquecounter Info: New unique counter `rerunfilecheck' on input line 2
82.
)
\Hy@SectionHShift=\skip78
)
(C:\Enseignements\GitHub\CI_01_EtudeSystemes\12_AnalyseSystemesHydrauliquesPneu
matiques\Cours\CI_01_HydrauliquePneumatique_Cours.aux)
LaTeX Font Info:    Checking defaults for OML/cmm/m/it on input line 52.
LaTeX Font Info:    ... okay on input line 52.
LaTeX Font Info:    Checking defaults for T1/cmr/m/n on input line 52.
LaTeX Font Info:    ... okay on input line 52.
LaTeX Font Info:    Checking defaults for OT1/cmr/m/n on input line 52.
LaTeX Font Info:    ... okay on input line 52.
LaTeX Font Info:    Checking defaults for OMS/cmsy/m/n on input line 52.
LaTeX Font Info:    ... okay on input line 52.
LaTeX Font Info:    Checking defaults for OMX/cmex/m/n on input line 52.
LaTeX Font Info:    ... okay on input line 52.
LaTeX Font Info:    Checking defaults for U/cmr/m/n on input line 52.
LaTeX Font Info:    ... okay on input line 52.
LaTeX Font Info:    Checking defaults for MDA/cmr/m/n on input line 52.
LaTeX Font Info:    Try loading font information for MDA+cmr on input line 52.

("C:\Program Files\MiKTeX 2.9\tex\latex\mathdesign\mdacmr.fd"
File: mdacmr.fd 
)
LaTeX Font Info:    ... okay on input line 52.
LaTeX Font Info:    Checking defaults for MDB/cmr/m/n on input line 52.
LaTeX Font Info:    Try loading font information for MDB+cmr on input line 52.

("C:\Program Files\MiKTeX 2.9\tex\latex\mathdesign\mdbcmr.fd"
File: mdbcmr.fd 
)
LaTeX Font Info:    ... okay on input line 52.
LaTeX Font Info:    Checking defaults for TS1/cmr/m/n on input line 52.
LaTeX Font Info:    Try loading font information for TS1+cmr on input line 52.

("C:\Program Files\MiKTeX 2.9\tex\latex\base\ts1cmr.fd"
File: ts1cmr.fd 1999/05/25 v2.5h Standard LaTeX font definitions
)
LaTeX Font Info:    ... okay on input line 52.
LaTeX Font Info:    Checking defaults for PD1/pdf/m/n on input line 52.
LaTeX Font Info:    ... okay on input line 52.
LaTeX Info: Redefining \degres on input line 52.
LaTeX Info: Redefining \dots on input line 52.
LaTeX Info: Redefining \up on input line 52.

("C:\Program Files\MiKTeX 2.9\tex\context\base\supp-pdf.mkii"
[Loading MPS to PDF converter (version 2006.09.02).]
\scratchcounter=\count136
\scratchdimen=\dimen156
\scratchbox=\box68
\nofMPsegments=\count137
\nofMParguments=\count138
\everyMPshowfont=\toks28
\MPscratchCnt=\count139
\MPscratchDim=\dimen157
\MPnumerator=\count140
\makeMPintoPDFobject=\count141
\everyMPtoPDFconversion=\toks29
)
\c@lstlisting=\count142
\AtBeginShipoutBox=\box69
Package hyperref Info: Link coloring ON on input line 52.
 ("C:\Program Files\MiKTeX 2.9\tex\latex\hyperref\nameref.sty"
Package: nameref 2012/10/27 v2.43 Cross-referencing by name of section

("C:\Program Files\MiKTeX 2.9\tex\generic\oberdiek\gettitlestring.sty"
Package: gettitlestring 2010/12/03 v1.4 Cleanup title references (HO)
)
\c@section@level=\count143
)
LaTeX Info: Redefining \ref on input line 52.
LaTeX Info: Redefining \pageref on input line 52.
LaTeX Info: Redefining \nameref on input line 52.

(C:\Enseignements\GitHub\CI_01_EtudeSystemes\12_AnalyseSystemesHydrauliquesPneu
matiques\Cours\CI_01_HydrauliquePneumatique_Cours.out)
(C:\Enseignements\GitHub\CI_01_EtudeSystemes\12_AnalyseSystemesHydrauliquesPneu
matiques\Cours\CI_01_HydrauliquePneumatique_Cours.out)
\@outlinefile=\write3

(C:\Enseignements\GitHub\CI_01_EtudeSystemes\12_AnalyseSystemesHydrauliquesPneu
matiques\Cours\style/enteteXP.tex
LaTeX Font Info:    Font shape `T1/mdput/m/n' will be
(Font)              scaled to size 19.49565pt on input line 45.
LaTeX Font Info:    Font shape `T1/mdput/m/fsc' will be
(Font)              scaled to size 19.49565pt on input line 45.
LaTeX Font Info:    Font shape `T1/mdput/m/n' will be
(Font)              scaled to size 16.24324pt on input line 49.
LaTeX Font Info:    Font shape `T1/mdput/m/fsc' will be
(Font)              scaled to size 16.24324pt on input line 49.
)
<images/ExoHand.png, id=71, 1315.91624pt x 532.99126pt>
File: images/ExoHand.png Graphic file (type png)

<use images/ExoHand.png>
Package pdftex.def Info: images/ExoHand.png used on input line 58.
(pdftex.def)             Requested size: 115.15053pt x 46.63336pt.
LaTeX Font Info:    Font shape `T1/mdput/m/it' will be
(Font)              scaled to size 9.40002pt on input line 60.
LaTeX Font Info:    Try loading font information for OT1+mdput on input line 62
.

("C:\Program Files\MiKTeX 2.9\tex\latex\mathdesign\mdput\ot1mdput.fd"
File: ot1mdput.fd 2013/08/29 Fontinst v1.933 font definitions for OT1/mdput.
)
LaTeX Font Info:    Font shape `OT1/mdput/m/n' will be
(Font)              scaled to size 9.40002pt on input line 62.
LaTeX Font Info:    Font shape `OT1/mdput/m/n' will be
(Font)              scaled to size 6.58002pt on input line 62.
LaTeX Font Info:    Font shape `OT1/mdput/m/n' will be
(Font)              scaled to size 4.70001pt on input line 62.
LaTeX Font Info:    Try loading font information for OML+mdput on input line 62
.

("C:\Program Files\MiKTeX 2.9\tex\latex\mathdesign\mdput\omlmdput.fd"
File: omlmdput.fd 2013/08/29 Fontinst v1.933 font definitions for OML/mdput.
)
LaTeX Font Info:    Font shape `OML/mdput/m/it' will be
(Font)              scaled to size 9.40002pt on input line 62.
LaTeX Font Info:    Font shape `OML/mdput/m/it' will be
(Font)              scaled to size 6.58002pt on input line 62.
LaTeX Font Info:    Font shape `OML/mdput/m/it' will be
(Font)              scaled to size 4.70001pt on input line 62.
LaTeX Font Info:    Try loading font information for OMS+mdput on input line 62
.

("C:\Program Files\MiKTeX 2.9\tex\latex\mathdesign\mdput\omsmdput.fd"
File: omsmdput.fd 2013/08/29 Fontinst v1.933 font definitions for OMS/mdput.
)
LaTeX Font Info:    Font shape `OMS/mdput/m/n' will be
(Font)              scaled to size 9.40002pt on input line 62.
LaTeX Font Info:    Font shape `OMS/mdput/m/n' will be
(Font)              scaled to size 6.58002pt on input line 62.
LaTeX Font Info:    Font shape `OMS/mdput/m/n' will be
(Font)              scaled to size 4.70001pt on input line 62.
LaTeX Font Info:    Try loading font information for OMX+mdput on input line 62
.

("C:\Program Files\MiKTeX 2.9\tex\latex\mathdesign\mdput\omxmdput.fd"
File: omxmdput.fd 2013/08/29 Fontinst v1.933 font definitions for OMX/mdput.
)
LaTeX Font Info:    Font shape `OMX/mdput/m/n' will be
(Font)              scaled to size 9.40002pt on input line 62.
LaTeX Font Info:    Font shape `OMX/mdput/m/n' will be
(Font)              scaled to size 6.58002pt on input line 62.
LaTeX Font Info:    Font shape `OMX/mdput/m/n' will be
(Font)              scaled to size 4.70001pt on input line 62.
LaTeX Font Info:    Font shape `OML/mdput/m/n' will be
(Font)              scaled to size 9.40002pt on input line 62.
LaTeX Font Info:    Font shape `OML/mdput/m/n' will be
(Font)              scaled to size 6.58002pt on input line 62.
LaTeX Font Info:    Font shape `OML/mdput/m/n' will be
(Font)              scaled to size 4.70001pt on input line 62.
LaTeX Font Info:    Try loading font information for MDA+mdput on input line 62
.

("C:\Program Files\MiKTeX 2.9\tex\latex\mathdesign\mdput\mdamdput.fd"
File: mdamdput.fd 2013/08/29 Fontinst v1.933 font definitions for MDA/mdput.
)
LaTeX Font Info:    Font shape `MDA/mdput/m/n' will be
(Font)              scaled to size 9.40002pt on input line 62.
LaTeX Font Info:    Font shape `MDA/mdput/m/n' will be
(Font)              scaled to size 6.58002pt on input line 62.
LaTeX Font Info:    Font shape `MDA/mdput/m/n' will be
(Font)              scaled to size 4.70001pt on input line 62.
LaTeX Font Info:    Try loading font information for MDB+mdput on input line 62
.

("C:\Program Files\MiKTeX 2.9\tex\latex\mathdesign\mdput\mdbmdput.fd"
File: mdbmdput.fd 2013/08/29 Fontinst v1.933 font definitions for MDB/mdput.
)
LaTeX Font Info:    Font shape `MDB/mdput/m/n' will be
(Font)              scaled to size 9.40002pt on input line 62.
LaTeX Font Info:    Font shape `MDB/mdput/m/n' will be
(Font)              scaled to size 6.58002pt on input line 62.
LaTeX Font Info:    Font shape `MDB/mdput/m/n' will be
(Font)              scaled to size 4.70001pt on input line 62.

<images/caterpillar.png, id=74, 869.2475pt x 610.28pt>
File: images/caterpillar.png Graphic file (type png)

<use images/caterpillar.png>
Package pdftex.def Info: images/caterpillar.png used on input line 65.
(pdftex.def)             Requested size: 115.15053pt x 80.83842pt.

<images/simulateur.png, id=76, 501.875pt x 334.24875pt>
File: images/simulateur.png Graphic file (type png)

<use images/simulateur.png>
Package pdftex.def Info: images/simulateur.png used on input line 72.
(pdftex.def)             Requested size: 115.15053pt x 76.68687pt.

<images/MoteurHydraulique.png, id=78, 1778.645pt x 1335.99126pt>
File: images/MoteurHydraulique.png Graphic file (type png)

<use images/MoteurHydraulique.png>
Package pdftex.def Info: images/MoteurHydraulique.png used on input line 79.
(pdftex.def)             Requested size: 115.15053pt x 86.47554pt.
LaTeX Font Info:    Font shape `T1/cmss/m/it' will be
(Font)              scaled to size 10.35995pt on input line 86.
LaTeX Font Info:    Font shape `T1/mdput/m/n' will be
(Font)              scaled to size 13.53603pt on input line 102.
LaTeX Font Info:    Font shape `T1/cmss/m/n' will be
(Font)              scaled to size 14.91832pt on input line 102.
LaTeX Font Info:    Font shape `T1/cmss/b/n' in size <14.4> not available
(Font)              Font shape `T1/cmss/bx/n' tried instead on input line 102.
LaTeX Font Info:    Font shape `T1/cmss/bx/n' will be
(Font)              scaled to size 14.91832pt on input line 102.

(C:\Enseignements\GitHub\CI_01_EtudeSystemes\12_AnalyseSystemesHydrauliquesPneu
matiques\Cours\CI_01_HydrauliquePneumatique_Cours.toc
LaTeX Font Info:    Font shape `T1/cmss/m/n' will be
(Font)              scaled to size 10.35995pt on input line 2.
)
\tf@toc=\write4

<images/chainefonc.png, id=114, 2497.33pt x 896.34875pt>
File: images/chainefonc.png Graphic file (type png)

<use images/chainefonc.png>
Package pdftex.def Info: images/chainefonc.png used on input line 112.
(pdftex.def)             Requested size: 500.66376pt x 179.69057pt.

<png/logo_ptsi.png, id=115, 384.43625pt x 190.7125pt>
File: png/logo_ptsi.png Graphic file (type png)
 <use png/logo_ptsi.png>
Package pdftex.def Info: png/logo_ptsi.png used on input line 113.
(pdftex.def)             Requested size: 56.9055pt x 28.22733pt.
LaTeX Font Info:    Font shape `T1/mdput/m/n' will be
(Font)              scaled to size 7.52002pt on input line 113.
LaTeX Font Info:    Font shape `T1/mdput/m/it' will be
(Font)              scaled to size 7.52002pt on input line 113.
LaTeX Font Info:    Font shape `T1/cmss/m/it' will be
(Font)              scaled to size 8.28796pt on input line 113.
LaTeX Font Info:    Font shape `T1/mdput/m/fsc' will be
(Font)              scaled to size 7.52002pt on input line 113.
LaTeX Font Info:    Font shape `T1/mdput/b/n' will be
(Font)              scaled to size 7.52002pt on input line 113.

[1{C:/ProgramData/MiKTeX/2.9/pdftex/config/pdftex.map}

 <C:/Enseignements/GitHub/CI_01_EtudeSystemes/12_AnalyseSystemesHydrauliquesPne
umatiques/Cours/png/logo_ptsi.png> <C:/Enseignements/GitHub/CI_01_EtudeSystemes
/12_AnalyseSystemesHydrauliquesPneumatiques/Cours/images/ExoHand.png> <C:/Ensei
gnements/GitHub/CI_01_EtudeSystemes/12_AnalyseSystemesHydrauliquesPneumatiques/
Cours/images/caterpillar.png> <C:/Enseignements/GitHub/CI_01_EtudeSystemes/12_A
nalyseSystemesHydrauliquesPneumatiques/Cours/images/simulateur.png> <C:/Enseign
ements/GitHub/CI_01_EtudeSystemes/12_AnalyseSystemesHydrauliquesPneumatiques/Co
urs/images/MoteurHydraulique.png>]
LaTeX Font Info:    Font shape `T1/mdput/m/n' will be
(Font)              scaled to size 11.28003pt on input line 115.
LaTeX Font Info:    Font shape `T1/cmss/m/n' will be
(Font)              scaled to size 12.43195pt on input line 115.
LaTeX Font Info:    Font shape `T1/cmss/b/n' in size <12> not available
(Font)              Font shape `T1/cmss/bx/n' tried instead on input line 115.
LaTeX Font Info:    Font shape `T1/cmss/bx/n' will be
(Font)              scaled to size 12.43195pt on input line 115.
LaTeX Font Info:    Font shape `T1/mdput/b/n' will be
(Font)              scaled to size 9.40002pt on input line 117.

Underfull \hbox (badness 1147) in paragraph at lines 158--159
[]\T1/mdput/m/n/10 Transport ais dans des conduites bon
 []


Underfull \hbox (badness 4995) in paragraph at lines 161--162
[]\T1/mdput/m/n/10 Possibilit de vi-tesses et de ca-dences
 []


Underfull \hbox (badness 2486) in paragraph at lines 165--166
[]\T1/mdput/m/n/10 Source d'ner-gie exi-geant un ex-cellent
 []


Underfull \hbox (badness 10000) in paragraph at lines 165--166
\T1/mdput/m/n/10 condi-tion-ne-ment (fil-tra-tion). Au-cune
 []


Underfull \hbox (badness 5008) in paragraph at lines 173--174
[]\T1/mdput/m/n/10 Transmission de forces et de couples
 []


Underfull \hbox (badness 5548) in paragraph at lines 175--176
\T1/mdput/m/n/10 sur les ap-pa-reils mo-teurs, du fait de
 []


Underfull \hbox (badness 4316) in paragraph at lines 176--177
[]\T1/mdput/m/n/10 Le d-mar-rage en charge des mo-teurs
 []


Underfull \hbox (badness 10000) in paragraph at lines 177--178
[]\T1/mdput/m/n/10 Une aug-men-ta-tion de la lon-g-vit
 []


Underfull \hbox (badness 10000) in paragraph at lines 177--178
\T1/mdput/m/n/10 des com-po-sants, contrai-re-ment aux
 []


Underfull \hbox (badness 10000) in paragraph at lines 177--178
\T1/mdput/m/n/10 sys-tmes pneu-ma-tiques, o il est
 []


Underfull \hbox (badness 10000) in paragraph at lines 177--178
\T1/mdput/m/n/10 n-ces-saire d'uti-li-ser un lu-bri-fi-ca-teur
 []


Underfull \hbox (badness 10000) in paragraph at lines 183--184
[]\T1/mdput/m/n/10 Risques d'in-cen-die dus  l'uti-li-sa-tion
 []


Underfull \hbox (badness 10000) in paragraph at lines 183--184
\T1/mdput/m/n/10 d'une huile hy-drau-lique mi-n-rale
 []


Underfull \hbox (badness 2600) in paragraph at lines 184--185
[]\T1/mdput/m/n/10 Matriel co-teux dont la main-te-nance
 []

File: png/logo_ptsi.png Graphic file (type png)
<use png/logo_ptsi.png>
Package pdftex.def Info: png/logo_ptsi.png used on input line 189.
(pdftex.def)             Requested size: 56.9055pt x 28.22733pt.
 [2 <C:/Enseignements/GitHub/CI_01_EtudeSystemes/12_AnalyseSystemesHydrauliques
Pneumatiques/Cours/images/chainefonc.png>]
LaTeX Font Info:    Font shape `T1/mdput/m/n' will be
(Font)              scaled to size 6.58002pt on input line 199.
LaTeX Font Info:    Font shape `T1/mdput/m/n' will be
(Font)              scaled to size 4.70001pt on input line 199.

<images/Symb_Moteur.png, id=149, 98.3675pt x 63.23625pt>
File: images/Symb_Moteur.png Graphic file (type png)

<use images/Symb_Moteur.png>
Package pdftex.def Info: images/Symb_Moteur.png used on input line 213.
(pdftex.def)             Requested size: 47.43242pt x 30.49199pt.

<images/Symb_Pompe2.png, id=150, 101.37875pt x 108.405pt>
File: images/Symb_Pompe2.png Graphic file (type png)

<use images/Symb_Pompe2.png>
Package pdftex.def Info: images/Symb_Pompe2.png used on input line 220.
(pdftex.def)             Requested size: 47.43242pt x 50.72043pt.

<images/Symb_MotoPompe.png, id=151, 157.58875pt x 109.40875pt>
File: images/Symb_MotoPompe.png Graphic file (type png)

<use images/Symb_MotoPompe.png>
Package pdftex.def Info: images/Symb_MotoPompe.png used on input line 227.
(pdftex.def)             Requested size: 47.43242pt x 32.9297pt.
File: png/logo_ptsi.png Graphic file (type png)
 <use png/logo_ptsi.png>
Package pdftex.def Info: png/logo_ptsi.png used on input line 238.
(pdftex.def)             Requested size: 56.9055pt x 28.22733pt.
 [3 <C:/Enseignements/GitHub/CI_01_EtudeSystemes/12_AnalyseSystemesHydrauliques
Pneumatiques/Cours/images/Symb_Moteur.png> <C:/Enseignements/GitHub/CI_01_Etude
Systemes/12_AnalyseSystemesHydrauliquesPneumatiques/Cours/images/Symb_Pompe2.pn
g> <C:/Enseignements/GitHub/CI_01_EtudeSystemes/12_AnalyseSystemesHydrauliquesP
neumatiques/Cours/images/Symb_MotoPompe.png>] <images/Compresseur.png, id=159, 
554.07pt x 485.815pt>
File: images/Compresseur.png Graphic file (type png)

<use images/Compresseur.png>
Package pdftex.def Info: images/Compresseur.png used on input line 240.
(pdftex.def)             Requested size: 126.48564pt x 110.90485pt.

<images/reservoir.png, id=161, 549.05125pt x 577.15625pt>
File: images/reservoir.png Graphic file (type png)

<use images/reservoir.png>
Package pdftex.def Info: images/reservoir.png used on input line 247.
(pdftex.def)             Requested size: 126.48564pt x 132.9545pt.

<images/Symb_Reservoir.png, id=163, 122.4575pt x 27.10126pt>
File: images/Symb_Reservoir.png Graphic file (type png)

<use images/Symb_Reservoir.png>
Package pdftex.def Info: images/Symb_Reservoir.png used on input line 254.
(pdftex.def)             Requested size: 47.43242pt x 10.49707pt.

<images/Symb_Accumulateur.png, id=164, 122.4575pt x 297.11pt>
File: images/Symb_Accumulateur.png Graphic file (type png)

<use images/Symb_Accumulateur.png>
Package pdftex.def Info: images/Symb_Accumulateur.png used on input line 255.
(pdftex.def)             Requested size: 31.6208pt x 76.71635pt.

Underfull \hbox (badness 2856) in paragraph at lines 265--266
[]\T1/mdput/m/n/10 Il est n-ces-saire de condi-tion-ner le fluide avant de la 
faire
 []


Underfull \hbox (badness 1005) in paragraph at lines 265--266
\T1/mdput/m/n/10 cir-cu-ler dans le cir-cuit. Dans le cas de l'ner-gie pneu-ma
-tique, il
 []

<images/fig8.png, id=165, 706.64pt x 444.66125pt>
File: images/fig8.png Graphic file (type png)
 <use images/fig8.png>
Package pdftex.def Info: images/fig8.png used on input line 271.
(pdftex.def)             Requested size: 200.26244pt x 126.01735pt.

<images/Symb_Filtre.png, id=166, 221.82875pt x 132.495pt>
File: images/Symb_Filtre.png Graphic file (type png)

<use images/Symb_Filtre.png>
Package pdftex.def Info: images/Symb_Filtre.png used on input line 279.
(pdftex.def)             Requested size: 47.43242pt x 28.33018pt.

<images/Symb_Deshydrateur.png, id=167, 221.82875pt x 131.49126pt>
File: images/Symb_Deshydrateur.png Graphic file (type png)

<use images/Symb_Deshydrateur.png>
Package pdftex.def Info: images/Symb_Deshydrateur.png used on input line 286.
(pdftex.def)             Requested size: 47.43242pt x 28.11557pt.

<images/Symb_Lubrificateur.png, id=168, 221.82875pt x 131.49126pt>
File: images/Symb_Lubrificateur.png Graphic file (type png)

<use images/Symb_Lubrificateur.png>
Package pdftex.def Info: images/Symb_Lubrificateur.png used on input line 293.
(pdftex.def)             Requested size: 47.43242pt x 28.11557pt.

Underfull \hbox (badness 2662) in paragraph at lines 307--308
[]\T1/mdput/m/n/10 Les sys-tmes de cla-pet anti-retour per-mettent d'im-po-ser
 le sens de
 []

<images/fig5.png, id=169, 597.23125pt x 358.33875pt>
File: images/fig5.png Graphic file (type png)
 <use images/fig5.png>
Package pdftex.def Info: images/fig5.png used on input line 312.
(pdftex.def)             Requested size: 175.23537pt x 105.14037pt.

<images/Fig_01_Compresseur.png, id=170, 338.26375pt x 135.50626pt>
File: images/Fig_01_Compresseur.png Graphic file (type png)

<use images/Fig_01_Compresseur.png>
Package pdftex.def Info: images/Fig_01_Compresseur.png used on input line 323.
(pdftex.def)             Requested size: 235.31256pt x 94.2665pt.

<images/Fig_02_FRL.png, id=171, 1148.29pt x 472.76625pt>
File: images/Fig_02_FRL.png Graphic file (type png)

<use images/Fig_02_FRL.png>
Package pdftex.def Info: images/Fig_02_FRL.png used on input line 330.
(pdftex.def)             Requested size: 263.50809pt x 108.48868pt.
File: png/logo_ptsi.png Graphic file (type png)
 <use png/logo_ptsi.png>
Package pdftex.def Info: png/logo_ptsi.png used on input line 337.
(pdftex.def)             Requested size: 56.9055pt x 28.22733pt.
 [4 <C:/Enseignements/GitHub/CI_01_EtudeSystemes/12_AnalyseSystemesHydrauliques
Pneumatiques/Cours/images/Compresseur.png> <C:/Enseignements/GitHub/CI_01_Etude
Systemes/12_AnalyseSystemesHydrauliquesPneumatiques/Cours/images/reservoir.png>
 <C:/Enseignements/GitHub/CI_01_EtudeSystemes/12_AnalyseSystemesHydrauliquesPne
umatiques/Cours/images/Symb_Reservoir.png> <C:/Enseignements/GitHub/CI_01_Etude
Systemes/12_AnalyseSystemesHydrauliquesPneumatiques/Cours/images/Symb_Accumulat
eur.png> <C:/Enseignements/GitHub/CI_01_EtudeSystemes/12_AnalyseSystemesHydraul
iquesPneumatiques/Cours/images/fig8.png> <C:/Enseignements/GitHub/CI_01_EtudeSy
stemes/12_AnalyseSystemesHydrauliquesPneumatiques/Cours/images/Symb_Filtre.png>
 <C:/Enseignements/GitHub/CI_01_EtudeSystemes/12_AnalyseSystemesHydrauliquesPne
umatiques/Cours/images/Symb_Deshydrateur.png> <C:/Enseignements/GitHub/CI_01_Et
udeSystemes/12_AnalyseSystemesHydrauliquesPneumatiques/Cours/images/Symb_Lubrif
icateur.png> <C:/Enseignements/GitHub/CI_01_EtudeSystemes/12_AnalyseSystemesHyd
rauliquesPneumatiques/Cours/images/fig5.png>]
Underfull \hbox (badness 6859) in paragraph at lines 344--345
[]\T1/mdput/m/n/10 Un v-rin est un ac-tion-neur uti-li-sant de l'ner-gie
 []

<images/fig1.png, id=185, 447.6725pt x 78.2925pt>
File: images/fig1.png Graphic file (type png)
 <use images/fig1.png>
Package pdftex.def Info: images/fig1.png used on input line 347.
(pdftex.def)             Requested size: 170.71652pt x 29.85658pt.

<images/Fig_03_Verin.png, id=186, 504.88625pt x 361.35pt>
File: images/Fig_03_Verin.png Graphic file (type png)

<use images/Fig_03_Verin.png>
Package pdftex.def Info: images/Fig_03_Verin.png used on input line 352.
(pdftex.def)             Requested size: 263.50809pt x 188.59781pt.

Underfull \hbox (badness 1320) in paragraph at lines 361--362
[]\T1/mdput/m/n/10 Considrons le v-rin re-pr-sent par un dis-tri-bu-teur
 []


Underfull \hbox (badness 8094) in paragraph at lines 361--362
\T1/mdput/m/n/10  deux po-si-tions. On note $\OML/mdput/m/it/10 Pa$\T1/mdput/m
/n/10 , la pres-sion dans la
 []


Underfull \hbox (badness 10000) in paragraph at lines 361--362
\T1/mdput/m/n/10 cot chap-pe-ment (par-fois ap-pe-le "contre pres-sion
 []


Underfull \hbox (badness 2189) in paragraph at lines 364--365
\T1/mdput/m/n/10 sous l'ac-tion de la com-mande $\OML/mdput/m/it/10 v\OT1/mdput
/m/n/10 +$\T1/mdput/m/n/10 , la chambre ar-rire
 []


Underfull \hbox (badness 7649) in paragraph at lines 364--365
\T1/mdput/m/n/10 est brus-que-ment re-lie  la pres-sion d'uti-li-sa-tion et
 []

<images/fig2.png, id=187, 1082.0425pt x 659.46375pt>
File: images/fig2.png Graphic file (type png)
 <use images/fig2.png>
Package pdftex.def Info: images/fig2.png used on input line 371.
(pdftex.def)             Requested size: 237.15565pt x 144.52902pt.
File: png/logo_ptsi.png Graphic file (type png)

<use png/logo_ptsi.png>
Package pdftex.def Info: png/logo_ptsi.png used on input line 376.
(pdftex.def)             Requested size: 56.9055pt x 28.22733pt.
 [5 <C:/Enseignements/GitHub/CI_01_EtudeSystemes/12_AnalyseSystemesHydrauliques
Pneumatiques/Cours/images/Fig_01_Compresseur.png> <C:/Enseignements/GitHub/CI_0
1_EtudeSystemes/12_AnalyseSystemesHydrauliquesPneumatiques/Cours/images/Fig_02_
FRL.png> <C:/Enseignements/GitHub/CI_01_EtudeSystemes/12_AnalyseSystemesHydraul
iquesPneumatiques/Cours/images/fig1.png> <C:/Enseignements/GitHub/CI_01_EtudeSy
stemes/12_AnalyseSystemesHydrauliquesPneumatiques/Cours/images/Fig_03_Verin.png
>]

LaTeX Warning: Command \" invalid in math mode on input line 382.

Missing character: There is no  in font mdputr7t!
LaTeX Font Info:    Font shape `T1/cmss/b/n' in size <10> not available
(Font)              Font shape `T1/cmss/bx/n' tried instead on input line 388.
LaTeX Font Info:    Font shape `T1/cmss/bx/n' will be
(Font)              scaled to size 10.35995pt on input line 388.

Underfull \hbox (badness 1735) in paragraph at lines 395--396
[]\T1/mdput/m/n/10 Le prin-cipe d'un amor-tis-seur in-t-gr est le sui-vant : 
tant que le pis-ton est loi-gn de la zone d'amor-tis-se-ment,
 []

<images/fig3.png, id=197, 955.57pt x 281.05pt>
File: images/fig3.png Graphic file (type png)
 <use images/fig3.png>
Package pdftex.def Info: images/fig3.png used on input line 399.
(pdftex.def)             Requested size: 341.43306pt x 100.41885pt.
File: png/logo_ptsi.png Graphic file (type png)

<use png/logo_ptsi.png>
Package pdftex.def Info: png/logo_ptsi.png used on input line 407.
(pdftex.def)             Requested size: 56.9055pt x 28.22733pt.
 [6 <C:/Enseignements/GitHub/CI_01_EtudeSystemes/12_AnalyseSystemesHydrauliques
Pneumatiques/Cours/images/fig2.png> <C:/Enseignements/GitHub/CI_01_EtudeSysteme
s/12_AnalyseSystemesHydrauliquesPneumatiques/Cours/images/fig3.png>] <images/Fi
g_04_VerinSE.png, id=207, 1186.4325pt x 302.12875pt>
File: images/Fig_04_VerinSE.png Graphic file (type png)

<use images/Fig_04_VerinSE.png>
Package pdftex.def Info: images/Fig_04_VerinSE.png used on input line 424.
(pdftex.def)             Requested size: 341.43306pt x 86.94662pt.

<images/Fig_05_VerinDE.png, id=208, 1113.15875pt x 341.275pt>
File: images/Fig_05_VerinDE.png Graphic file (type png)

<use images/Fig_05_VerinDE.png>
Package pdftex.def Info: images/Fig_05_VerinDE.png used on input line 431.
(pdftex.def)             Requested size: 341.43306pt x 104.67976pt.

<images/Fig_06_VerinRot.png, id=209, 1259.70625pt x 448.67625pt>
File: images/Fig_06_VerinRot.png Graphic file (type png)

<use images/Fig_06_VerinRot.png>
Package pdftex.def Info: images/Fig_06_VerinRot.png used on input line 439.
(pdftex.def)             Requested size: 341.43306pt x 121.60974pt.
File: png/logo_ptsi.png Graphic file (type png)
 <use png/logo_ptsi.png>
Package pdftex.def Info: png/logo_ptsi.png used on input line 440.
(pdftex.def)             Requested size: 56.9055pt x 28.22733pt.
 [7 <C:/Enseignements/GitHub/CI_01_EtudeSystemes/12_AnalyseSystemesHydrauliques
Pneumatiques/Cours/images/Fig_04_VerinSE.png> <C:/Enseignements/GitHub/CI_01_Et
udeSystemes/12_AnalyseSystemesHydrauliquesPneumatiques/Cours/images/Fig_05_Veri
nDE.png>]
LaTeX Font Info:    Font shape `T1/cmss/b/it' in size <14.4> not available
(Font)              Font shape `T1/cmss/bx/it' tried instead on input line 445.

LaTeX Font Info:    Font shape `T1/cmss/bx/it' will be
(Font)              scaled to size 14.91832pt on input line 445.

<images/distributeur_festo.png, id=222, 168.63pt x 126.4725pt>
File: images/distributeur_festo.png Graphic file (type png)

<use images/distributeur_festo.png>
Package pdftex.def Info: images/distributeur_festo.png used on input line 458.
(pdftex.def)             Requested size: 146.24506pt x 109.68666pt.

<images/Fig_07.png, id=223, 479.7925pt x 286.06876pt>
File: images/Fig_07.png Graphic file (type png)
 <use images/Fig_07.png>
Package pdftex.def Info: images/Fig_07.png used on input line 467.
(pdftex.def)             Requested size: 222.9269pt x 132.91583pt.

<images/Fig_08.png, id=224, 470.75874pt x 277.035pt>
File: images/Fig_08.png Graphic file (type png)
 <use images/Fig_08.png>
Package pdftex.def Info: images/Fig_08.png used on input line 474.
(pdftex.def)             Requested size: 222.9269pt x 131.1914pt.

<images/Fig_09.png, id=225, 993.7125pt x 658.46pt>
File: images/Fig_09.png Graphic file (type png)
 <use images/Fig_09.png>
Package pdftex.def Info: images/Fig_09.png used on input line 482.
(pdftex.def)             Requested size: 474.31134pt x 314.2889pt.
File: png/logo_ptsi.png Graphic file (type png)

<use png/logo_ptsi.png>
Package pdftex.def Info: png/logo_ptsi.png used on input line 484.
(pdftex.def)             Requested size: 56.9055pt x 28.22733pt.
 [8 <C:/Enseignements/GitHub/CI_01_EtudeSystemes/12_AnalyseSystemesHydrauliques
Pneumatiques/Cours/images/Fig_06_VerinRot.png> <C:/Enseignements/GitHub/CI_01_E
tudeSystemes/12_AnalyseSystemesHydrauliquesPneumatiques/Cours/images/distribute
ur_festo.png> <C:/Enseignements/GitHub/CI_01_EtudeSystemes/12_AnalyseSystemesHy
drauliquesPneumatiques/Cours/images/Fig_07.png> <C:/Enseignements/GitHub/CI_01_
EtudeSystemes/12_AnalyseSystemesHydrauliquesPneumatiques/Cours/images/Fig_08.pn
g>]
<images/Fig_10_distri.png, id=234, 945.5325pt x 574.145pt>
File: images/Fig_10_distri.png Graphic file (type png)

<use images/Fig_10_distri.png>
Package pdftex.def Info: images/Fig_10_distri.png used on input line 492.
(pdftex.def)             Requested size: 474.31134pt x 288.01796pt.
File: png/logo_ptsi.png Graphic file (type png)
 <use png/logo_ptsi.png>
Package pdftex.def Info: png/logo_ptsi.png used on input line 493.
(pdftex.def)             Requested size: 56.9055pt x 28.22733pt.
 [9 <C:/Enseignements/GitHub/CI_01_EtudeSystemes/12_AnalyseSystemesHydrauliques
Pneumatiques/Cours/images/Fig_09.png>] <images/fig4.png, id=240, 1332.98pt x 14
35.3625pt>
File: images/fig4.png Graphic file (type png)

<use images/fig4.png>
Package pdftex.def Info: images/fig4.png used on input line 496.
(pdftex.def)             Requested size: 474.31134pt x 510.729pt.
File: png/logo_ptsi.png Graphic file (type png)
 <use png/logo_ptsi.png>
Package pdftex.def Info: png/logo_ptsi.png used on input line 497.
(pdftex.def)             Requested size: 56.9055pt x 28.22733pt.
 [10 <C:/Enseignements/GitHub/CI_01_EtudeSystemes/12_AnalyseSystemesHydraulique
sPneumatiques/Cours/images/Fig_10_distri.png>] <images/ventouse_festo.png, id=2
46, 78.2925pt x 168.63pt>
File: images/ventouse_festo.png Graphic file (type png)

<use images/ventouse_festo.png>
Package pdftex.def Info: images/ventouse_festo.png used on input line 505.
(pdftex.def)             Requested size: 79.05322pt x 170.27377pt.

<images/generateur_vide.png, id=247, 577.15625pt x 241.90375pt>
File: images/generateur_vide.png Graphic file (type png)

<use images/generateur_vide.png>
Package pdftex.def Info: images/generateur_vide.png used on input line 512.
(pdftex.def)             Requested size: 237.15968pt x 99.40263pt.

Overfull \hbox (79.05322pt too wide) in paragraph at lines 512--513
 [] 
 []

<images/pince_festo.png, id=248, 107.40125pt x 168.63pt>
File: images/pince_festo.png Graphic file (type png)

<use images/pince_festo.png>
Package pdftex.def Info: images/pince_festo.png used on input line 519.
(pdftex.def)             Requested size: 79.05322pt x 124.12296pt.
File: png/logo_ptsi.png Graphic file (type png)
 <use png/logo_ptsi.png>
Package pdftex.def Info: png/logo_ptsi.png used on input line 524.
(pdftex.def)             Requested size: 56.9055pt x 28.22733pt.
 [11 <C:/Enseignements/GitHub/CI_01_EtudeSystemes/12_AnalyseSystemesHydraulique
sPneumatiques/Cours/images/fig4.png>] <images/Manometre.png, id=253, 322.20375p
t x 269.005pt>
File: images/Manometre.png Graphic file (type png)

<use images/Manometre.png>
Package pdftex.def Info: images/Manometre.png used on input line 528.
(pdftex.def)             Requested size: 126.48564pt x 105.6011pt.

<images/Pressostat.png, id=254, 287.0725pt x 280.04625pt>
File: images/Pressostat.png Graphic file (type png)

<use images/Pressostat.png>
Package pdftex.def Info: images/Pressostat.png used on input line 535.
(pdftex.def)             Requested size: 126.48564pt x 123.38737pt.

<images/CapteurChute.png, id=255, 639.38875pt x 300.12125pt>
File: images/CapteurChute.png Graphic file (type png)

<use images/CapteurChute.png>
Package pdftex.def Info: images/CapteurChute.png used on input line 542.
(pdftex.def)             Requested size: 184.45888pt x 86.58414pt.

<images/recap.png, id=256, 952.55875pt x 1418.29875pt>
File: images/recap.png Graphic file (type png)
 <use images/recap.png>
Package pdftex.def Info: images/recap.png used on input line 550.
(pdftex.def)             Requested size: 395.26213pt x 588.5181pt.
File: png/logo_ptsi.png Graphic file (type png)

<use png/logo_ptsi.png>
Package pdftex.def Info: png/logo_ptsi.png used on input line 551.
(pdftex.def)             Requested size: 56.9055pt x 28.22733pt.
 [12 <C:/Enseignements/GitHub/CI_01_EtudeSystemes/12_AnalyseSystemesHydraulique
sPneumatiques/Cours/images/ventouse_festo.png> <C:/Enseignements/GitHub/CI_01_E
tudeSystemes/12_AnalyseSystemesHydrauliquesPneumatiques/Cours/images/generateur
_vide.png> <C:/Enseignements/GitHub/CI_01_EtudeSystemes/12_AnalyseSystemesHydra
uliquesPneumatiques/Cours/images/pince_festo.png> <C:/Enseignements/GitHub/CI_0
1_EtudeSystemes/12_AnalyseSystemesHydrauliquesPneumatiques/Cours/images/Manomet
re.png> <C:/Enseignements/GitHub/CI_01_EtudeSystemes/12_AnalyseSystemesHydrauli
quesPneumatiques/Cours/images/Pressostat.png> <C:/Enseignements/GitHub/CI_01_Et
udeSystemes/12_AnalyseSystemesHydrauliquesPneumatiques/Cours/images/CapteurChut
e.png>]
LaTeX Font Info:    Font shape `T1/cmtt/m/n' will be
(Font)              scaled to size 10.70007pt on input line 554.
File: png/logo_ptsi.png Graphic file (type png)
 <use png/logo_ptsi.png>
Package pdftex.def Info: png/logo_ptsi.png used on input line 556.
(pdftex.def)             Requested size: 56.9055pt x 28.22733pt.
 [13 <C:/Enseignements/GitHub/CI_01_EtudeSystemes/12_AnalyseSystemesHydraulique
sPneumatiques/Cours/images/recap.png>]
Package atveryend Info: Empty hook `BeforeClearDocument' on input line 564.
File: png/logo_ptsi.png Graphic file (type png)
 <use png/logo_ptsi.png>
Package pdftex.def Info: png/logo_ptsi.png used on input line 564.
(pdftex.def)             Requested size: 56.9055pt x 28.22733pt.
 [14]
Package atveryend Info: Empty hook `AfterLastShipout' on input line 564.

(C:\Enseignements\GitHub\CI_01_EtudeSystemes\12_AnalyseSystemesHydrauliquesPneu
matiques\Cours\CI_01_HydrauliquePneumatique_Cours.aux)
Package atveryend Info: Executing hook `AtVeryEndDocument' on input line 564.
Package atveryend Info: Executing hook `AtEndAfterFileList' on input line 564.
Package rerunfilecheck Info: File `CI_01_HydrauliquePneumatique_Cours.out' has 
not changed.
(rerunfilecheck)             Checksum: BA28F900D84471068CBC546BFE6B13EF;1196.
Package atveryend Info: Empty hook `AtVeryVeryEnd' on input line 564.
 ) 
Here is how much of TeX's memory you used:
 12659 strings out of 493921
 182364 string characters out of 3147279
 302580 words of memory out of 3000000
 15588 multiletter control sequences out of 15000+200000
 149051 words of font info for 93 fonts, out of 3000000 for 9000
 841 hyphenation exceptions out of 8191
 36i,18n,72p,607b,552s stack positions out of 5000i,500n,10000p,200000b,50000s
 <C:\Users\Xavier\AppData\Local\MiKTeX\2.9\fonts\pk\ljfour\jknappen\ec\dpi642
\ectt1000.pk> <C:\Users\Xavier\AppData\Local\MiKTeX\2.9\fonts\pk\ljfour\jknappe
n\ec\dpi622\ecso1440.pk> <C:\Users\Xavier\AppData\Local\MiKTeX\2.9\fonts\pk\ljf
our\jknappen\ec\dpi622\ecsx1000.pk> <C:\Users\Xavier\AppData\Local\MiKTeX\2.9\f
onts\pk\ljfour\jknappen\ec\dpi622\ecsx1200.pk> <C:\Users\Xavier\AppData\Local\M
iKTeX\2.9\fonts\pk\ljfour\jknappen\ec\dpi622\ecsx1440.pk>{C:/Program Files/MiKT
eX 2.9/fonts/enc/dvips/fontname/texnansi.enc} <C:\Users\Xavier\AppData\Local\Mi
KTeX\2.9\fonts\pk\ljfour\jknappen\ec\dpi622\ecss1000.pk> <C:\Users\Xavier\AppDa
ta\Local\MiKTeX\2.9\fonts\pk\ljfour\jknappen\ec\dpi622\ecsi1000.pk> <C:\Users\X
avier\AppData\Local\MiKTeX\2.9\fonts\pk\ljfour\jknappen\ec\dpi622\ecsi0800.pk><
C:/Program Files/MiKTeX 2.9/fonts/type1/mathdesign/mdput/md-utr7t.pfb><C:/Progr
am Files/MiKTeX 2.9/fonts/type1/mathdesign/mdput/md-utr7v.pfb><C:/Program Files
/MiKTeX 2.9/fonts/type1/mathdesign/mdput/md-utr7y.pfb><C:/Program Files/MiKTeX 
2.9/fonts/type1/mathdesign/mdput/md-utr8t.pfb><C:/Program Files/MiKTeX 2.9/font
s/type1/mathdesign/mdput/md-utri7m.pfb><C:/Program Files/MiKTeX 2.9/fonts/type1
/mathdesign/mdput/md-utri8t.pfb><C:/Program Files/MiKTeX 2.9/fonts/type1/adobe/
utopia/putb8a.pfb><C:/Program Files/MiKTeX 2.9/fonts/type1/adobe/utopia/putr8a.
pfb><C:/Program Files/MiKTeX 2.9/fonts/type1/adobe/utopia/putri8a.pfb>
Output written on CI_01_HydrauliquePneumatique_Cours.pdf (14 pages, 10233437 by
tes).
PDF statistics:
 587 PDF objects out of 1000 (max. 8388607)
 51 named destinations out of 1000 (max. 500000)
 337 words of extra memory for PDF output out of 10000 (max. 10000000)

